<?xml version="1.0" encoding="UTF-8"?>
<!-- Generated by org.testng.reporters.JUnitReportReporter -->
<testsuite hostname="LAPTOP-R87O84KD" failures="0" tests="2" name="TestNGexm.TestNGBasedTest" time="6.445" errors="0" timestamp="2024-06-24T01:20:44 EDT" skipped="0">
  <testcase classname="TestNGexm.TestNGBasedTest" name="verifyTitle" time="3.481"/>
  <testcase classname="TestNGexm.TestNGBasedTest" name="verifyLogo" time="2.964"/>
</testsuite> <!-- TestNGexm.TestNGBasedTest -->
